Creating test database for alias 'default'...
System check identified some issues:

WARNINGS:
conseils.ConseilsConseildujour: (models.W046) SQLite does not support comments on tables (db_table_comment).

System check identified 1 issue (0 silenced).
..Unauthorized: /api/paiements/webhook/yengapay/
F
======================================================================
FAIL: test_webhook_view_success (apps.paiements.tests_yengapay.YengapayIntegrationTest.test_webhook_view_success)
----------------------------------------------------------------------
Traceback (most recent call last):
  File "C:\Python314\Lib\unittest\mock.py", line 1432, in patched
    return func(*newargs, **newkeywargs)
  File "C:\Users\DELL\Desktop\notaire_bf (2)\apps\paiements\tests_yengapay.py", line 108, in test_webhook_view_success
    self.assertEqual(response.status_code, 200)
    ~~~~~~~~~~~~~~~~^^^^^^^^^^^^^^^^^^^^^^^^^^^
AssertionError: 401 != 200

----------------------------------------------------------------------
Ran 3 tests in 3.607s

FAILED (failures=1)
Destroying test database for alias 'default'...
